<?xml version="1.0" encoding="UTF-8"?>
<!-- Generated by org.testng.reporters.JUnitReportReporter -->
<testsuite hostname="mose-Inspiron-5520" failures="0" tests="1" name="selinium.NewTest" time="3.962" errors="0" timestamp="2021-03-11T00:37:31 CET" skipped="0">
  <testcase classname="selinium.NewTest" name="f" time="3.962"/>
  <system-out/>
</testsuite> <!-- selinium.NewTest -->
