<?xml version="1.0" encoding="UTF-8"?>
<!-- Generated by org.testng.reporters.JUnitReportReporter -->
<testsuite hostname="mose-Inspiron-5520" failures="0" tests="1" name="selinium.TestNgClass" time="5.636" errors="0" timestamp="2021-03-10T16:44:32 CET" skipped="0">
  <testcase classname="selinium.TestNgClass" name="runTest" time="5.636"/>
  <system-out/>
</testsuite> <!-- selinium.TestNgClass -->
