<?xml version="1.0" encoding="UTF-8"?>
<!-- Generated by org.testng.reporters.JUnitReportReporter -->
<testsuite hostname="mose-Inspiron-5520" failures="0" tests="1" name="selinium.ElementByXpath" time="7.494" errors="0" timestamp="2021-03-11T03:39:04 CET" skipped="0">
  <testcase classname="selinium.ElementByXpath" name="testByXpath" time="7.494"/>
  <system-out/>
</testsuite> <!-- selinium.ElementByXpath -->
