<?xml version="1.0" encoding="UTF-8"?>
<!-- Generated by org.testng.reporters.JUnitReportReporter -->
<testsuite hostname="mose-Inspiron-5520" failures="0" tests="1" name="selinium.ElementByName" time="3.866" errors="0" timestamp="2021-03-11T03:14:31 CET" skipped="0">
  <testcase classname="selinium.ElementByName" name="testId" time="3.866"/>
  <system-out/>
</testsuite> <!-- selinium.ElementByName -->
