<?xml version="1.0" encoding="UTF-8"?>
<!-- Generated by org.testng.reporters.JUnitReportReporter -->
<testsuite hostname="mose-Inspiron-5520" failures="0" tests="1" name="selinium.ElementById" time="6.343" errors="0" timestamp="2021-03-11T02:40:14 CET" skipped="0">
  <testcase classname="selinium.ElementById" name="testById" time="6.343"/>
  <system-out/>
</testsuite> <!-- selinium.ElementById -->
